nohup: ignoring input
/calvin1/mattchell200/programs/clusters/fitting.py:61: RuntimeWarning: invalid value encountered in divide
  p_c = p_c/mid_integral(np.array([dz_c, dlamb]),p_c)
0.2865
Cosmology: Detected change in cosmological parameters.
cutting clusters...
8678 clusters.
cutting galaxies...
835532 galaxies.
finding delta z bar dependence on Sigma...
z_c = 0.1000
   Sigma = -1.7446e+14
      number of galaxies: 744984.0
      time per delensing calcualtion: 4.699291
z_c = 0.1079
   Sigma = -1.7446e+14
      number of galaxies: 741078.0
      time per delensing calcualtion: 4.703012
z_c = 0.1159
   Sigma = -1.7446e+14
      number of galaxies: 737430.0
      time per delensing calcualtion: 4.762810
z_c = 0.1238
   Sigma = -1.7446e+14
      number of galaxies: 734250.0
      time per delensing calcualtion: 4.761351
z_c = 0.1317
   Sigma = -1.7446e+14
      number of galaxies: 731444.0
      time per delensing calcualtion: 4.704956
z_c = 0.1397
   Sigma = -1.7446e+14
      number of galaxies: 728848.0
      time per delensing calcualtion: 4.779098
z_c = 0.1476
   Sigma = -1.7446e+14
      number of galaxies: 726667.0
      time per delensing calcualtion: 4.715120
z_c = 0.1555
   Sigma = -1.7446e+14
      number of galaxies: 724774.0
      time per delensing calcualtion: 4.749815
z_c = 0.1634
   Sigma = -1.7446e+14
      number of galaxies: 723197.0
      time per delensing calcualtion: 4.750820
z_c = 0.1714
   Sigma = -1.7446e+14
      number of galaxies: 721895.0
      time per delensing calcualtion: 4.711338
z_c = 0.1793
   Sigma = -1.7446e+14
      number of galaxies: 720807.0
      time per delensing calcualtion: 4.733048
z_c = 0.1872
   Sigma = -1.7446e+14
      number of galaxies: 720056.0
      time per delensing calcualtion: 4.751618
z_c = 0.1952
   Sigma = -1.7446e+14
      number of galaxies: 719578.0
      time per delensing calcualtion: 4.748489
z_c = 0.2031
   Sigma = -1.7446e+14
      number of galaxies: 719319.0
      time per delensing calcualtion: 4.747687
z_c = 0.2110
   Sigma = -1.7446e+14
      number of galaxies: 719276.0
      time per delensing calcualtion: 4.747654
z_c = 0.2190
   Sigma = -1.7446e+14
      number of galaxies: 719460.0
      time per delensing calcualtion: 4.794713
z_c = 0.2269
   Sigma = -1.7446e+14
      number of galaxies: 719872.0
      time per delensing calcualtion: 4.760562
z_c = 0.2348
   Sigma = -1.7446e+14
      number of galaxies: 720486.0
      time per delensing calcualtion: 4.760553
z_c = 0.2428
   Sigma = -1.7446e+14
      number of galaxies: 721259.0
      time per delensing calcualtion: 4.891217
z_c = 0.2507
   Sigma = -1.7446e+14
      number of galaxies: 722234.0
      time per delensing calcualtion: 4.756784
z_c = 0.2586
   Sigma = -1.7446e+14
      number of galaxies: 723375.0
      time per delensing calcualtion: 4.786718
z_c = 0.2666
   Sigma = -1.7446e+14
      number of galaxies: 724666.0
      time per delensing calcualtion: 4.931718
z_c = 0.2745
   Sigma = -1.7446e+14
      number of galaxies: 726082.0
      time per delensing calcualtion: 4.772190
z_c = 0.2824
   Sigma = -1.7446e+14
      number of galaxies: 727679.0
      time per delensing calcualtion: 5.665722
z_c = 0.2903
   Sigma = -1.7446e+14
      number of galaxies: 729436.0
      time per delensing calcualtion: 4.774061
z_c = 0.2983
   Sigma = -1.7446e+14
      number of galaxies: 731381.0
      time per delensing calcualtion: 4.769829
z_c = 0.3062
   Sigma = -1.7446e+14
      number of galaxies: 733349.0
      time per delensing calcualtion: 5.135487
z_c = 0.3141
   Sigma = -1.7446e+14
      number of galaxies: 735484.0
      time per delensing calcualtion: 4.773935
z_c = 0.3221
   Sigma = -1.7446e+14
      number of galaxies: 737747.0
      time per delensing calcualtion: 4.828999
z_c = 0.3300
   Sigma = -1.7446e+14
      number of galaxies: 740134.0
      time per delensing calcualtion: 4.781834
[[  4.88023451e-09]]
fitting a line to signa from de-lensed galaxy source
At cluster redshift z = 1.0000e-01
   slope: 9.6479e-18
   standard deviation: 4.0043e-19
[[  4.72480471e-09]]
fitting a line to signa from de-lensed galaxy source
At cluster redshift z = 1.0793e-01
   slope: 1.0303e-17
   standard deviation: 3.9401e-19
[[  4.56721757e-09]]
fitting a line to signa from de-lensed galaxy source
At cluster redshift z = 1.1586e-01
   slope: 1.0957e-17
   standard deviation: 3.8738e-19
[[  4.42241474e-09]]
fitting a line to signa from de-lensed galaxy source
At cluster redshift z = 1.2379e-01
   slope: 1.1550e-17
   standard deviation: 3.8119e-19
[[  4.27353270e-09]]
fitting a line to signa from de-lensed galaxy source
At cluster redshift z = 1.3172e-01
   slope: 1.2146e-17
   standard deviation: 3.7472e-19
[[  4.11147908e-09]]
fitting a line to signa from de-lensed galaxy source
At cluster redshift z = 1.3966e-01
   slope: 1.2777e-17
   standard deviation: 3.6754e-19
[[  3.96042257e-09]]
fitting a line to signa from de-lensed galaxy source
At cluster redshift z = 1.4759e-01
   slope: 1.3354e-17
   standard deviation: 3.6073e-19
[[  3.82138469e-09]]
fitting a line to signa from de-lensed galaxy source
At cluster redshift z = 1.5552e-01
   slope: 1.3888e-17
   standard deviation: 3.5434e-19
[[  3.69655519e-09]]
fitting a line to signa from de-lensed galaxy source
At cluster redshift z = 1.6345e-01
   slope: 1.4367e-17
   standard deviation: 3.4851e-19
[[  3.56940957e-09]]
fitting a line to signa from de-lensed galaxy source
At cluster redshift z = 1.7138e-01
   slope: 1.4840e-17
   standard deviation: 3.4246e-19
[[  3.44848636e-09]]
fitting a line to signa from de-lensed galaxy source
At cluster redshift z = 1.7931e-01
   slope: 1.5291e-17
   standard deviation: 3.3661e-19
[[  3.32464315e-09]]
fitting a line to signa from de-lensed galaxy source
At cluster redshift z = 1.8724e-01
   slope: 1.5745e-17
   standard deviation: 3.3051e-19
[[  3.21620239e-09]]
fitting a line to signa from de-lensed galaxy source
At cluster redshift z = 1.9517e-01
   slope: 1.6138e-17
   standard deviation: 3.2507e-19
[[  3.10698035e-09]]
fitting a line to signa from de-lensed galaxy source
At cluster redshift z = 2.0310e-01
   slope: 1.6532e-17
   standard deviation: 3.1951e-19
[[  3.00197570e-09]]
fitting a line to signa from de-lensed galaxy source
At cluster redshift z = 2.1103e-01
   slope: 1.6908e-17
   standard deviation: 3.1406e-19
[[  2.90393785e-09]]
fitting a line to signa from de-lensed galaxy source
At cluster redshift z = 2.1897e-01
   slope: 1.7259e-17
   standard deviation: 3.0889e-19
[[  2.81728696e-09]]
fitting a line to signa from de-lensed galaxy source
At cluster redshift z = 2.2690e-01
   slope: 1.7562e-17
   standard deviation: 3.0425e-19
[[  2.73134358e-09]]
fitting a line to signa from de-lensed galaxy source
At cluster redshift z = 2.3483e-01
   slope: 1.7862e-17
   standard deviation: 2.9957e-19
[[  2.64568918e-09]]
fitting a line to signa from de-lensed galaxy source
At cluster redshift z = 2.4276e-01
   slope: 1.8162e-17
   standard deviation: 2.9484e-19
[[  2.56542857e-09]]
fitting a line to signa from de-lensed galaxy source
At cluster redshift z = 2.5069e-01
   slope: 1.8440e-17
   standard deviation: 2.9033e-19
[[  2.49313971e-09]]
fitting a line to signa from de-lensed galaxy source
At cluster redshift z = 2.5862e-01
   slope: 1.8686e-17
   standard deviation: 2.8621e-19
[[  2.41752254e-09]]
fitting a line to signa from de-lensed galaxy source
At cluster redshift z = 2.6655e-01
   slope: 1.8947e-17
   standard deviation: 2.8184e-19
[[  2.35853330e-09]]
fitting a line to signa from de-lensed galaxy source
At cluster redshift z = 2.7448e-01
   slope: 1.9145e-17
   standard deviation: 2.7838e-19
[[  2.30312676e-09]]
fitting a line to signa from de-lensed galaxy source
At cluster redshift z = 2.8241e-01
   slope: 1.9327e-17
   standard deviation: 2.7509e-19
[[  2.24416071e-09]]
fitting a line to signa from de-lensed galaxy source
At cluster redshift z = 2.9034e-01
   slope: 1.9526e-17
   standard deviation: 2.7154e-19
[[  2.19594539e-09]]
fitting a line to signa from de-lensed galaxy source
At cluster redshift z = 2.9828e-01
   slope: 1.9681e-17
   standard deviation: 2.6861e-19
[[  2.14860232e-09]]
fitting a line to signa from de-lensed galaxy source
At cluster redshift z = 3.0621e-01
   slope: 1.9834e-17
   standard deviation: 2.6570e-19
[[  2.10315395e-09]]
fitting a line to signa from de-lensed galaxy source
At cluster redshift z = 3.1414e-01
   slope: 1.9983e-17
   standard deviation: 2.6287e-19
[[  2.06147930e-09]]
fitting a line to signa from de-lensed galaxy source
At cluster redshift z = 3.2207e-01
   slope: 2.0118e-17
   standard deviation: 2.6026e-19
[[  2.01493997e-09]]
fitting a line to signa from de-lensed galaxy source
At cluster redshift z = 3.3000e-01
   slope: 2.0269e-17
   standard deviation: 2.5730e-19
finding delta z bar dependence on Sigma...
z_c = 0.1000
   Sigma = -1.7446e+14
      number of galaxies: 802149.0
      time per delensing calcualtion: 4.777032
z_c = 0.1079
   Sigma = -1.7446e+14
      number of galaxies: 800512.0
      time per delensing calcualtion: 4.784099
z_c = 0.1159
   Sigma = -1.7446e+14
      number of galaxies: 798861.0
      time per delensing calcualtion: 4.791460
z_c = 0.1238
   Sigma = -1.7446e+14
      number of galaxies: 797489.0
      time per delensing calcualtion: 4.794275
z_c = 0.1317
   Sigma = -1.7446e+14
      number of galaxies: 796211.0
      time per delensing calcualtion: 4.787017
z_c = 0.1397
   Sigma = -1.7446e+14
      number of galaxies: 794994.0
      time per delensing calcualtion: 4.786908
z_c = 0.1476
   Sigma = -1.7446e+14
      number of galaxies: 793982.0
      time per delensing calcualtion: 4.896702
z_c = 0.1555
   Sigma = -1.7446e+14
      number of galaxies: 793053.0
      time per delensing calcualtion: 4.781090
z_c = 0.1634
   Sigma = -1.7446e+14
      number of galaxies: 792239.0
      time per delensing calcualtion: 4.793841
z_c = 0.1714
   Sigma = -1.7446e+14
      number of galaxies: 791579.0
      time per delensing calcualtion: 4.790936
z_c = 0.1793
   Sigma = -1.7446e+14
      number of galaxies: 791014.0
      time per delensing calcualtion: 4.797383
z_c = 0.1872
   Sigma = -1.7446e+14
      number of galaxies: 790559.0
      time per delensing calcualtion: 4.784108
z_c = 0.1952
   Sigma = -1.7446e+14
      number of galaxies: 790207.0
      time per delensing calcualtion: 4.779908
z_c = 0.2031
   Sigma = -1.7446e+14
      number of galaxies: 789934.0
      time per delensing calcualtion: 4.778466
z_c = 0.2110
   Sigma = -1.7446e+14
      number of galaxies: 789760.0
      time per delensing calcualtion: 4.848352
z_c = 0.2190
   Sigma = -1.7446e+14
      number of galaxies: 789691.0
      time per delensing calcualtion: 4.801808
z_c = 0.2269
   Sigma = -1.7446e+14
      number of galaxies: 789713.0
      time per delensing calcualtion: 4.889071
z_c = 0.2348
   Sigma = -1.7446e+14
      number of galaxies: 789800.0
      time per delensing calcualtion: 4.781135
z_c = 0.2428
   Sigma = -1.7446e+14
      number of galaxies: 789937.0
      time per delensing calcualtion: 5.085882
z_c = 0.2507
   Sigma = -1.7446e+14
      number of galaxies: 790173.0
      time per delensing calcualtion: 4.796936
z_c = 0.2586
   Sigma = -1.7446e+14
      number of galaxies: 790486.0
      time per delensing calcualtion: 4.785447
z_c = 0.2666
   Sigma = -1.7446e+14
      number of galaxies: 790820.0
      time per delensing calcualtion: 4.786643
z_c = 0.2745
   Sigma = -1.7446e+14
      number of galaxies: 791260.0
      time per delensing calcualtion: 4.788843
z_c = 0.2824
   Sigma = -1.7446e+14
      number of galaxies: 791764.0
      time per delensing calcualtion: 4.789611
z_c = 0.2903
   Sigma = -1.7446e+14
      number of galaxies: 792303.0
      time per delensing calcualtion: 4.778805
z_c = 0.2983
   Sigma = -1.7446e+14
      number of galaxies: 792937.0
      time per delensing calcualtion: 4.783392
z_c = 0.3062
   Sigma = -1.7446e+14
      number of galaxies: 793561.0
      time per delensing calcualtion: 4.836475
z_c = 0.3141
   Sigma = -1.7446e+14
      number of galaxies: 794235.0
      time per delensing calcualtion: 4.797661
z_c = 0.3221
   Sigma = -1.7446e+14
      number of galaxies: 795006.0
      time per delensing calcualtion: 5.004154
z_c = 0.3300
   Sigma = -1.7446e+14
      number of galaxies: 795785.0
      time per delensing calcualtion: 4.834673
[[  2.88715819e-09]]
fitting a line to signa from de-lensed galaxy source
At cluster redshift z = 1.0000e-01
   slope: 1.6318e-17
   standard deviation: 3.0800e-19
[[  2.68330679e-09]]
fitting a line to signa from de-lensed galaxy source
At cluster redshift z = 1.0793e-01
   slope: 1.7146e-17
   standard deviation: 2.9692e-19
[[  2.47828140e-09]]
fitting a line to signa from de-lensed galaxy source
At cluster redshift z = 1.1586e-01
   slope: 1.7976e-17
   standard deviation: 2.8536e-19
[[  2.30613409e-09]]
fitting a line to signa from de-lensed galaxy source
At cluster redshift z = 1.2379e-01
   slope: 1.8669e-17
   standard deviation: 2.7527e-19
[[  2.13438920e-09]]
fitting a line to signa from de-lensed galaxy source
At cluster redshift z = 1.3172e-01
   slope: 1.9356e-17
   standard deviation: 2.6482e-19
[[  1.96771539e-09]]
fitting a line to signa from de-lensed galaxy source
At cluster redshift z = 1.3966e-01
   slope: 2.0020e-17
   standard deviation: 2.5427e-19
[[  1.82147034e-09]]
fitting a line to signa from de-lensed galaxy source
At cluster redshift z = 1.4759e-01
   slope: 2.0594e-17
   standard deviation: 2.4464e-19
[[  1.69618942e-09]]
fitting a line to signa from de-lensed galaxy source
At cluster redshift z = 1.5552e-01
   slope: 2.1094e-17
   standard deviation: 2.3607e-19
[[  1.58744229e-09]]
fitting a line to signa from de-lensed galaxy source
At cluster redshift z = 1.6345e-01
   slope: 2.1527e-17
   standard deviation: 2.2838e-19
[[  1.48968299e-09]]
fitting a line to signa from de-lensed galaxy source
At cluster redshift z = 1.7138e-01
   slope: 2.1910e-17
   standard deviation: 2.2124e-19
[[  1.39872371e-09]]
fitting a line to signa from de-lensed galaxy source
At cluster redshift z = 1.7931e-01
   slope: 2.2267e-17
   standard deviation: 2.1438e-19
[[  1.31827820e-09]]
fitting a line to signa from de-lensed galaxy source
At cluster redshift z = 1.8724e-01
   slope: 2.2578e-17
   standard deviation: 2.0812e-19
[[  1.25410497e-09]]
fitting a line to signa from de-lensed galaxy source
At cluster redshift z = 1.9517e-01
   slope: 2.2825e-17
   standard deviation: 2.0299e-19
[[  1.19981205e-09]]
fitting a line to signa from de-lensed galaxy source
At cluster redshift z = 2.0310e-01
   slope: 2.3033e-17
   standard deviation: 1.9855e-19
[[  1.15493298e-09]]
fitting a line to signa from de-lensed galaxy source
At cluster redshift z = 2.1103e-01
   slope: 2.3202e-17
   standard deviation: 1.9480e-19
[[  1.12772418e-09]]
fitting a line to signa from de-lensed galaxy source
At cluster redshift z = 2.1897e-01
   slope: 2.3304e-17
   standard deviation: 1.9249e-19
[[  1.10710032e-09]]
fitting a line to signa from de-lensed galaxy source
At cluster redshift z = 2.2690e-01
   slope: 2.3378e-17
   standard deviation: 1.9072e-19
[[  1.09512563e-09]]
fitting a line to signa from de-lensed galaxy source
At cluster redshift z = 2.3483e-01
   slope: 2.3417e-17
   standard deviation: 1.8969e-19
[[  1.08874799e-09]]
fitting a line to signa from de-lensed galaxy source
At cluster redshift z = 2.4276e-01
   slope: 2.3434e-17
   standard deviation: 1.8914e-19
[[  1.09079250e-09]]
fitting a line to signa from de-lensed galaxy source
At cluster redshift z = 2.5069e-01
   slope: 2.3417e-17
   standard deviation: 1.8931e-19
[[  1.10017911e-09]]
fitting a line to signa from de-lensed galaxy source
At cluster redshift z = 2.5862e-01
   slope: 2.3371e-17
   standard deviation: 1.9013e-19
[[  1.11884439e-09]]
fitting a line to signa from de-lensed galaxy source
At cluster redshift z = 2.6655e-01
   slope: 2.3289e-17
   standard deviation: 1.9173e-19
[[  1.14528610e-09]]
fitting a line to signa from de-lensed galaxy source
At cluster redshift z = 2.7448e-01
   slope: 2.3174e-17
   standard deviation: 1.9399e-19
[[  1.17896518e-09]]
fitting a line to signa from de-lensed galaxy source
At cluster redshift z = 2.8241e-01
   slope: 2.3030e-17
   standard deviation: 1.9682e-19
[[  1.21667486e-09]]
fitting a line to signa from de-lensed galaxy source
At cluster redshift z = 2.9034e-01
   slope: 2.2871e-17
   standard deviation: 1.9994e-19
[[  1.26633544e-09]]
fitting a line to signa from de-lensed galaxy source
At cluster redshift z = 2.9828e-01
   slope: 2.2663e-17
   standard deviation: 2.0398e-19
[[  1.31720363e-09]]
fitting a line to signa from de-lensed galaxy source
At cluster redshift z = 3.0621e-01
   slope: 2.2450e-17
   standard deviation: 2.0804e-19
[[  1.37511534e-09]]
fitting a line to signa from de-lensed galaxy source
At cluster redshift z = 3.1414e-01
   slope: 2.2209e-17
   standard deviation: 2.1256e-19
[[  1.44315705e-09]]
fitting a line to signa from de-lensed galaxy source
At cluster redshift z = 3.2207e-01
   slope: 2.1928e-17
   standard deviation: 2.1776e-19
[[  1.50981857e-09]]
fitting a line to signa from de-lensed galaxy source
At cluster redshift z = 3.3000e-01
   slope: 2.1651e-17
   standard deviation: 2.2273e-19
Traceback (most recent call last):
  File "run_analysis_alpha.py", line 42, in <module>
    plt.savefig('auto/alpha/alpha_comparison.png')
  File "/calvin1/library/anaconda/lib/python2.7/site-packages/matplotlib/pyplot.py", line 697, in savefig
    res = fig.savefig(*args, **kwargs)
  File "/calvin1/library/anaconda/lib/python2.7/site-packages/matplotlib/figure.py", line 1572, in savefig
    self.canvas.print_figure(*args, **kwargs)
  File "/calvin1/library/anaconda/lib/python2.7/site-packages/matplotlib/backend_bases.py", line 2244, in print_figure
    **kwargs)
  File "/calvin1/library/anaconda/lib/python2.7/site-packages/matplotlib/backends/backend_agg.py", line 545, in print_png
    FigureCanvasAgg.draw(self)
  File "/calvin1/library/anaconda/lib/python2.7/site-packages/matplotlib/backends/backend_agg.py", line 464, in draw
    self.figure.draw(self.renderer)
  File "/calvin1/library/anaconda/lib/python2.7/site-packages/matplotlib/artist.py", line 63, in draw_wrapper
    draw(artist, renderer, *args, **kwargs)
  File "/calvin1/library/anaconda/lib/python2.7/site-packages/matplotlib/figure.py", line 1143, in draw
    renderer, self, dsu, self.suppressComposite)
  File "/calvin1/library/anaconda/lib/python2.7/site-packages/matplotlib/image.py", line 139, in _draw_list_compositing_images
    a.draw(renderer)
  File "/calvin1/library/anaconda/lib/python2.7/site-packages/matplotlib/artist.py", line 63, in draw_wrapper
    draw(artist, renderer, *args, **kwargs)
  File "/calvin1/library/anaconda/lib/python2.7/site-packages/matplotlib/axes/_base.py", line 2409, in draw
    mimage._draw_list_compositing_images(renderer, self, dsu)
  File "/calvin1/library/anaconda/lib/python2.7/site-packages/matplotlib/image.py", line 139, in _draw_list_compositing_images
    a.draw(renderer)
  File "/calvin1/library/anaconda/lib/python2.7/site-packages/matplotlib/artist.py", line 63, in draw_wrapper
    draw(artist, renderer, *args, **kwargs)
  File "/calvin1/library/anaconda/lib/python2.7/site-packages/matplotlib/legend.py", line 471, in draw
    bbox = self._legend_box.get_window_extent(renderer)
  File "/calvin1/library/anaconda/lib/python2.7/site-packages/matplotlib/offsetbox.py", line 269, in get_window_extent
    w, h, xd, yd, offsets = self.get_extent_offsets(renderer)
  File "/calvin1/library/anaconda/lib/python2.7/site-packages/matplotlib/offsetbox.py", line 391, in get_extent_offsets
    for c in self.get_visible_children()]
  File "/calvin1/library/anaconda/lib/python2.7/site-packages/matplotlib/offsetbox.py", line 262, in get_extent
    w, h, xd, yd, offsets = self.get_extent_offsets(renderer)
  File "/calvin1/library/anaconda/lib/python2.7/site-packages/matplotlib/offsetbox.py", line 462, in get_extent_offsets
    for c in self.get_visible_children()]
  File "/calvin1/library/anaconda/lib/python2.7/site-packages/matplotlib/offsetbox.py", line 262, in get_extent
    w, h, xd, yd, offsets = self.get_extent_offsets(renderer)
  File "/calvin1/library/anaconda/lib/python2.7/site-packages/matplotlib/offsetbox.py", line 391, in get_extent_offsets
    for c in self.get_visible_children()]
  File "/calvin1/library/anaconda/lib/python2.7/site-packages/matplotlib/offsetbox.py", line 262, in get_extent
    w, h, xd, yd, offsets = self.get_extent_offsets(renderer)
  File "/calvin1/library/anaconda/lib/python2.7/site-packages/matplotlib/offsetbox.py", line 462, in get_extent_offsets
    for c in self.get_visible_children()]
  File "/calvin1/library/anaconda/lib/python2.7/site-packages/matplotlib/offsetbox.py", line 835, in get_extent
    bbox, info, d = self._text._get_layout(renderer)
  File "/calvin1/library/anaconda/lib/python2.7/site-packages/matplotlib/text.py", line 362, in _get_layout
    ismath=ismath)
  File "/calvin1/library/anaconda/lib/python2.7/site-packages/matplotlib/backends/backend_agg.py", line 235, in get_text_width_height_descent
    self.mathtext_parser.parse(s, self.dpi, prop)
  File "/calvin1/library/anaconda/lib/python2.7/site-packages/matplotlib/mathtext.py", line 3289, in parse
    box = self._parser.parse(s, font_output, fontsize, dpi)
  File "/calvin1/library/anaconda/lib/python2.7/site-packages/matplotlib/mathtext.py", line 2523, in parse
    six.text_type(err)]))
ValueError: 
Quadradic Fit to $lpha(z_c)$
                 ^
Expected end of text (at char 17), (line:1, col:18)
